# JRE version: OpenJDK Runtime Environment (9.0) (build 9-internal+0-2016-04-14-195246.buildd.src)
# Java VM: OpenJDK 64-Bit Server VM (9-internal+0-2016-04-14-195246.buildd.src, mixed mode, tiered, compressed oops, g1 gc, linux-amd64)
Heap:
 garbage-first heap   total 150528K, used 94367K [0x00000000a0000000, 0x00000000a0100498, 0x0000000100000000)
  region size 1024K, 35 young (35840K), 2 survivors (2048K)
 Metaspace       used 69229K, capacity 71385K, committed 71548K, reserved 1112064K
  class space    used 8881K, capacity 9327K, committed 9344K, reserved 1048576K
GC Heap History (10 events):
Event: 31.603 GC heap before
{Heap before GC invocations=19 (full 0):
 garbage-first heap   total 124928K, used 88843K [0x00000000a0000000, 0x00000000a01003d0, 0x0000000100000000)
  region size 1024K, 45 young (46080K), 6 survivors (6144K)
 Metaspace       used 62770K, capacity 64663K, committed 64892K, reserved 1105920K
  class space    used 8122K, capacity 8546K, committed 8576K, reserved 1048576K
}
Event: 31.613 GC heap after
{Heap after GC invocations=20 (full 0):
 garbage-first heap   total 124928K, used 50867K [0x00000000a0000000, 0x00000000a01003d0, 0x0000000100000000)
  region size 1024K, 4 young (4096K), 4 survivors (4096K)
 Metaspace       used 62770K, capacity 64663K, committed 64892K, reserved 1105920K
  class space    used 8122K, capacity 8546K, committed 8576K, reserved 1048576K
}
Event: 31.861 GC heap before
{Heap before GC invocations=20 (full 0):
 garbage-first heap   total 124928K, used 90803K [0x00000000a0000000, 0x00000000a01003d0, 0x0000000100000000)
  region size 1024K, 43 young (44032K), 4 survivors (4096K)
 Metaspace       used 63689K, capacity 65671K, committed 65788K, reserved 1105920K
  class space    used 8203K, capacity 8646K, committed 8704K, reserved 1048576K
}
Event: 31.886 GC heap after
{Heap after GC invocations=21 (full 0):
 garbage-first heap   total 124928K, used 56384K [0x00000000a0000000, 0x00000000a01003d0, 0x0000000100000000)
  region size 1024K, 6 young (6144K), 6 survivors (6144K)
 Metaspace       used 63689K, capacity 65671K, committed 65788K, reserved 1105920K
  class space    used 8203K, capacity 8646K, committed 8704K, reserved 1048576K
}
Event: 32.402 GC heap before
{Heap before GC invocations=21 (full 0):
 garbage-first heap   total 124928K, used 93248K [0x00000000a0000000, 0x00000000a01003d0, 0x0000000100000000)
  region size 1024K, 42 young (43008K), 6 survivors (6144K)
 Metaspace       used 66749K, capacity 68773K, committed 68988K, reserved 1110016K
  class space    used 8537K, capacity 8977K, committed 9088K, reserved 1048576K
}
Event: 32.426 GC heap after
{Heap after GC invocations=22 (full 0):
 garbage-first heap   total 124928K, used 60681K [0x00000000a0000000, 0x00000000a01003d0, 0x0000000100000000)
  region size 1024K, 5 young (5120K), 5 survivors (5120K)
 Metaspace       used 66749K, capacity 68773K, committed 68988K, reserved 1110016K
  class space    used 8537K, capacity 8977K, committed 9088K, reserved 1048576K
}
Event: 32.440 GC heap before
{Heap before GC invocations=22 (full 0):
 garbage-first heap   total 124928K, used 62729K [0x00000000a0000000, 0x00000000a01003d0, 0x0000000100000000)
  region size 1024K, 8 young (8192K), 5 survivors (5120K)
 Metaspace       used 66774K, capacity 68773K, committed 68988K, reserved 1110016K
  class space    used 8539K, capacity 8977K, committed 9088K, reserved 1048576K
}
Event: 32.453 GC heap after
{Heap after GC invocations=23 (full 0):
 garbage-first heap   total 124928K, used 62144K [0x00000000a0000000, 0x00000000a01003d0, 0x0000000100000000)
  region size 1024K, 2 young (2048K), 2 survivors (2048K)
 Metaspace       used 66774K, capacity 68773K, committed 68988K, reserved 1110016K
  class space    used 8539K, capacity 8977K, committed 9088K, reserved 1048576K
}
Event: 32.589 GC heap before
{Heap before GC invocations=24 (full 0):
 garbage-first heap   total 124928K, used 87744K [0x00000000a0000000, 0x00000000a01003d0, 0x0000000100000000)
  region size 1024K, 24 young (24576K), 2 survivors (2048K)
 Metaspace       used 66896K, capacity 68965K, committed 69244K, reserved 1110016K
  class space    used 8560K, capacity 8991K, committed 9088K, reserved 1048576K
}
Event: 32.600 GC heap after
{Heap after GC invocations=25 (full 0):
 garbage-first heap   total 150528K, used 61599K [0x00000000a0000000, 0x00000000a0100498, 0x0000000100000000)
  region size 1024K, 2 young (2048K), 2 survivors (2048K)
 Metaspace       used 66896K, capacity 68965K, committed 69244K, reserved 1110016K
  class space    used 8560K, capacity 8991K, committed 9088K, reserved 1048576K
}

